<?xml version="1.0" encoding="UTF-8"?>
<!-- Generated by org.testng.reporters.JUnitReportReporter -->
<testsuite skipped="0" hostname="DESKTOP-QVCE6JK" name="com.weframeandwork.qa.testcases.loginPageTest" tests="1" failures="0" timestamp="14 Jun 2020 16:57:36 GMT" time="10.569" errors="0">
  <testcase name="validateBlankEmailforRegistrationError" time="10.569" classname="com.weframeandwork.qa.testcases.loginPageTest"/>
</testsuite> <!-- com.weframeandwork.qa.testcases.loginPageTest -->
